  dapao.cpp
C:\Program Files (x86)\Windows Kits\10\Include\10.0.19041.0\um\GdiplusImaging.h(84,16): error C4430: 缺少类型说明符 - 假定为 int。注意: C++ 不支持默认 int
C:\Program Files (x86)\Windows Kits\10\Include\10.0.19041.0\um\GdiplusImaging.h(84,54): error C2440: “初始化”: 无法从“const char [37]”转换为“int”
C:\Program Files (x86)\Windows Kits\10\Include\10.0.19041.0\um\GdiplusImaging.h(84,15): message : 没有使该转换得以执行的上下文
C:\Program Files (x86)\Windows Kits\10\Include\10.0.19041.0\um\GdiplusImaging.h(85,1): error C2146: 语法错误: 缺少“;”(在标识符“IImageBytes”的前面)
C:\Program Files (x86)\Windows Kits\10\Include\10.0.19041.0\um\GdiplusImaging.h(85,15): error C2059: 语法错误:“public”
C:\Program Files (x86)\Windows Kits\10\Include\10.0.19041.0\um\GdiplusImaging.h(86,1): error C2143: 语法错误: 缺少“;”(在“{”的前面)
C:\Program Files (x86)\Windows Kits\10\Include\10.0.19041.0\um\GdiplusImaging.h(86,1): error C2447: “{”: 缺少函数标题(是否是老式的形式表?)
C:\Program Files (x86)\Windows Kits\10\Include\10.0.19041.0\um\GdiplusImaging.h(291,13): error C3646: “id”: 未知重写说明符
C:\Program Files (x86)\Windows Kits\10\Include\10.0.19041.0\um\GdiplusImaging.h(291,15): error C4430: 缺少类型说明符 - 假定为 int。注意: C++ 不支持默认 int
C:\Program Files (x86)\Windows Kits\10\Include\10.0.19041.0\um\GdiplusHeaders.h(397,12): error C2061: 语法错误: 标识符“IStream”
C:\Program Files (x86)\Windows Kits\10\Include\10.0.19041.0\um\GdiplusHeaders.h(407,12): error C2061: 语法错误: 标识符“IStream”
C:\Program Files (x86)\Windows Kits\10\Include\10.0.19041.0\um\GdiplusHeaders.h(417,20): error C2061: 语法错误: 标识符“IStream”
C:\Program Files (x86)\Windows Kits\10\Include\10.0.19041.0\um\GdiplusHeaders.h(455,34): error C2061: 语法错误: 标识符“PROPID”
C:\Program Files (x86)\Windows Kits\10\Include\10.0.19041.0\um\GdiplusHeaders.h(456,33): error C2061: 语法错误: 标识符“PROPID”
C:\Program Files (x86)\Windows Kits\10\Include\10.0.19041.0\um\GdiplusHeaders.h(457,31): error C2061: 语法错误: 标识符“PROPID”
C:\Program Files (x86)\Windows Kits\10\Include\10.0.19041.0\um\GdiplusHeaders.h(465,34): error C2061: 语法错误: 标识符“PROPID”
C:\Program Files (x86)\Windows Kits\10\Include\10.0.19041.0\um\GdiplusHeaders.h(483,10): error C2535: “Gdiplus::Image::Image(void)”: 已经定义或声明成员函数
C:\Program Files (x86)\Windows Kits\10\Include\10.0.19041.0\um\GdiplusHeaders.h(396): message : 参见“Gdiplus::Image::Image”的声明
C:\Program Files (x86)\Windows Kits\10\Include\10.0.19041.0\um\GdiplusHeaders.h(519,12): error C2061: 语法错误: 标识符“IStream”
C:\Program Files (x86)\Windows Kits\10\Include\10.0.19041.0\um\GdiplusHeaders.h(529,12): error C2061: 语法错误: 标识符“IStream”
C:\Program Files (x86)\Windows Kits\10\Include\10.0.19041.0\um\GdiplusHeaders.h(773,17): error C2061: 语法错误: 标识符“IStream”
C:\Program Files (x86)\Windows Kits\10\Include\10.0.19041.0\um\GdiplusHeaders.h(829,12): error C2061: 语法错误: 标识符“IStream”
C:\Program Files (x86)\Windows Kits\10\Include\10.0.19041.0\um\GdiplusHeaders.h(828,13): error C2535: “Gdiplus::Metafile::Metafile(void)”: 已经定义或声明成员函数
C:\Program Files (x86)\Windows Kits\10\Include\10.0.19041.0\um\GdiplusHeaders.h(773): message : 参见“Gdiplus::Metafile::Metafile”的声明
C:\Program Files (x86)\Windows Kits\10\Include\10.0.19041.0\um\GdiplusHeaders.h(836,12): error C2061: 语法错误: 标识符“IStream”
C:\Program Files (x86)\Windows Kits\10\Include\10.0.19041.0\um\GdiplusHeaders.h(835,13): error C2535: “Gdiplus::Metafile::Metafile(void)”: 已经定义或声明成员函数
C:\Program Files (x86)\Windows Kits\10\Include\10.0.19041.0\um\GdiplusHeaders.h(773): message : 参见“Gdiplus::Metafile::Metafile”的声明
C:\Program Files (x86)\Windows Kits\10\Include\10.0.19041.0\um\GdiplusHeaders.h(845,12): error C2061: 语法错误: 标识符“IStream”
C:\Program Files (x86)\Windows Kits\10\Include\10.0.19041.0\um\GdiplusHeaders.h(844,13): error C2535: “Gdiplus::Metafile::Metafile(void)”: 已经定义或声明成员函数
C:\Program Files (x86)\Windows Kits\10\Include\10.0.19041.0\um\GdiplusHeaders.h(773): message : 参见“Gdiplus::Metafile::Metafile”的声明
C:\Program Files (x86)\Windows Kits\10\Include\10.0.19041.0\um\GdiplusHeaders.h(870,12): error C2061: 语法错误: 标识符“IStream”
C:\Program Files (x86)\Windows Kits\10\Include\10.0.19041.0\um\GdiplusHeaders.h(938,13): error C2535: “Gdiplus::Metafile::Metafile(void)”: 已经定义或声明成员函数
C:\Program Files (x86)\Windows Kits\10\Include\10.0.19041.0\um\GdiplusHeaders.h(773): message : 参见“Gdiplus::Metafile::Metafile”的声明
C:\Program Files (x86)\Windows Kits\10\Include\10.0.19041.0\um\GdiplusFlat.h(1145,32): warning C4229: 使用了记时错误: 忽略数据上的修饰符
C:\Program Files (x86)\Windows Kits\10\Include\10.0.19041.0\um\GdiplusFlat.h(1145,25): error C2065: “IStream”: 未声明的标识符
C:\Program Files (x86)\Windows Kits\10\Include\10.0.19041.0\um\GdiplusFlat.h(1145,34): error C2065: “stream”: 未声明的标识符
C:\Program Files (x86)\Windows Kits\10\Include\10.0.19041.0\um\GdiplusFlat.h(1145,52): error C2065: “image”: 未声明的标识符
C:\Program Files (x86)\Windows Kits\10\Include\10.0.19041.0\um\GdiplusFlat.h(1145,42): error C2275: “Gdiplus::GpImage”: 将此类型用作表达式非法
C:\Program Files (x86)\Windows Kits\10\Include\10.0.19041.0\um\GdiplusGpStubs.h(66): message : 参见“Gdiplus::GpImage”的声明
C:\Program Files (x86)\Windows Kits\10\Include\10.0.19041.0\um\GdiplusFlat.h(1151,35): warning C4229: 使用了记时错误: 忽略数据上的修饰符
C:\Program Files (x86)\Windows Kits\10\Include\10.0.19041.0\um\GdiplusFlat.h(1151,28): error C2065: “IStream”: 未声明的标识符
C:\Program Files (x86)\Windows Kits\10\Include\10.0.19041.0\um\GdiplusFlat.h(1151,37): error C2065: “stream”: 未声明的标识符
C:\Program Files (x86)\Windows Kits\10\Include\10.0.19041.0\um\GdiplusFlat.h(1151,55): error C2065: “image”: 未声明的标识符
C:\Program Files (x86)\Windows Kits\10\Include\10.0.19041.0\um\GdiplusFlat.h(1151,45): error C2275: “Gdiplus::GpImage”: 将此类型用作表达式非法
C:\Program Files (x86)\Windows Kits\10\Include\10.0.19041.0\um\GdiplusGpStubs.h(66): message : 参见“Gdiplus::GpImage”的声明
C:\Program Files (x86)\Windows Kits\10\Include\10.0.19041.0\um\GdiplusFlat.h(1168,39): error C2061: 语法错误: 标识符“IStream”
C:\Program Files (x86)\Windows Kits\10\Include\10.0.19041.0\um\GdiplusFlat.h(1256,59): error C2061: 语法错误: 标识符“PROPID”
C:\Program Files (x86)\Windows Kits\10\Include\10.0.19041.0\um\GdiplusFlat.h(1259,41): error C2061: 语法错误: 标识符“PROPID”
C:\Program Files (x86)\Windows Kits\10\Include\10.0.19041.0\um\GdiplusFlat.h(1262,37): error C2061: 语法错误: 标识符“PROPID”
C:\Program Files (x86)\Windows Kits\10\Include\10.0.19041.0\um\GdiplusFlat.h(1274,40): error C2061: 语法错误: 标识符“PROPID”
C:\Program Files (x86)\Windows Kits\10\Include\10.0.19041.0\um\GdiplusFlat.h(1298,35): warning C4229: 使用了记时错误: 忽略数据上的修饰符
C:\Program Files (x86)\Windows Kits\10\Include\10.0.19041.0\um\GdiplusFlat.h(1298,28): error C2065: “IStream”: 未声明的标识符
C:\Program Files (x86)\Windows Kits\10\Include\10.0.19041.0\um\GdiplusFlat.h(1298,37): error C2065: “stream”: 未声明的标识符
C:\Program Files (x86)\Windows Kits\10\Include\10.0.19041.0\um\GdiplusFlat.h(1298,56): error C2065: “bitmap”: 未声明的标识符
C:\Program Files (x86)\Windows Kits\10\Include\10.0.19041.0\um\GdiplusFlat.h(1298,45): error C2275: “Gdiplus::GpBitmap”: 将此类型用作表达式非法
C:\Program Files (x86)\Windows Kits\10\Include\10.0.19041.0\um\GdiplusGpStubs.h(67): message : 参见“Gdiplus::GpBitmap”的声明
C:\Program Files (x86)\Windows Kits\10\Include\10.0.19041.0\um\GdiplusFlat.h(1304,38): warning C4229: 使用了记时错误: 忽略数据上的修饰符
C:\Program Files (x86)\Windows Kits\10\Include\10.0.19041.0\um\GdiplusFlat.h(1304,31): error C2065: “IStream”: 未声明的标识符
C:\Program Files (x86)\Windows Kits\10\Include\10.0.19041.0\um\GdiplusFlat.h(1304,40): error C2065: “stream”: 未声明的标识符
C:\Program Files (x86)\Windows Kits\10\Include\10.0.19041.0\um\GdiplusFlat.h(1304,59): error C2065: “bitmap”: 未声明的标识符
C:\Program Files (x86)\Windows Kits\10\Include\10.0.19041.0\um\GdiplusFlat.h(1304,48): error C2275: “Gdiplus::GpBitmap”: 将此类型用作表达式非法
C:\Program Files (x86)\Windows Kits\10\Include\10.0.19041.0\um\GdiplusGpStubs.h(67): message : 参见“Gdiplus::GpBitmap”的声明
C:\Program Files (x86)\Windows Kits\10\Include\10.0.19041.0\um\GdiplusFlat.h(2235,13): warning C4229: 使用了记时错误: 忽略数据上的修饰符
C:\Program Files (x86)\Windows Kits\10\Include\10.0.19041.0\um\GdiplusFlat.h(2235,5): error C2065: “IStream”: 未声明的标识符
C:\Program Files (x86)\Windows Kits\10\Include\10.0.19041.0\um\GdiplusFlat.h(2235,25): error C2065: “stream”: 未声明的标识符
C:\Program Files (x86)\Windows Kits\10\Include\10.0.19041.0\um\GdiplusFlat.h(2236,25): error C2065: “header”: 未声明的标识符
C:\Program Files (x86)\Windows Kits\10\Include\10.0.19041.0\um\GdiplusFlat.h(2236,5): error C2275: “Gdiplus::MetafileHeader”: 将此类型用作表达式非法
C:\Program Files (x86)\Windows Kits\10\Include\10.0.19041.0\um\GdiplusMetaHeader.h(116): message : 参见“Gdiplus::MetafileHeader”的声明
C:\Program Files (x86)\Windows Kits\10\Include\10.0.19041.0\um\GdiplusFlat.h(2255,24): error C2061: 语法错误: 标识符“IStream”
C:\Program Files (x86)\Windows Kits\10\Include\10.0.19041.0\um\GdiplusFlat.h(2275,38): warning C4229: 使用了记时错误: 忽略数据上的修饰符
C:\Program Files (x86)\Windows Kits\10\Include\10.0.19041.0\um\GdiplusFlat.h(2275,30): error C2065: “IStream”: 未声明的标识符
C:\Program Files (x86)\Windows Kits\10\Include\10.0.19041.0\um\GdiplusFlat.h(2275,40): error C2065: “stream”: 未声明的标识符
C:\Program Files (x86)\Windows Kits\10\Include\10.0.19041.0\um\GdiplusFlat.h(2275,61): error C2065: “metafile”: 未声明的标识符
C:\Program Files (x86)\Windows Kits\10\Include\10.0.19041.0\um\GdiplusFlat.h(2275,48): error C2275: “Gdiplus::GpMetafile”: 将此类型用作表达式非法
C:\Program Files (x86)\Windows Kits\10\Include\10.0.19041.0\um\GdiplusGpStubs.h(68): message : 参见“Gdiplus::GpMetafile”的声明
C:\Program Files (x86)\Windows Kits\10\Include\10.0.19041.0\um\GdiplusFlat.h(2322,13): warning C4229: 使用了记时错误: 忽略数据上的修饰符
C:\Program Files (x86)\Windows Kits\10\Include\10.0.19041.0\um\GdiplusFlat.h(2322,5): error C2065: “IStream”: 未声明的标识符
C:\Program Files (x86)\Windows Kits\10\Include\10.0.19041.0\um\GdiplusFlat.h(2322,25): error C2065: “stream”: 未声明的标识符
C:\Program Files (x86)\Windows Kits\10\Include\10.0.19041.0\um\GdiplusFlat.h(2323,5): error C2275: “HDC”: 将此类型用作表达式非法
C:\Program Files (x86)\Windows Kits\10\Include\10.0.19041.0\shared\windef.h(80): message : 参见“HDC”的声明
C:\Program Files (x86)\Windows Kits\10\Include\10.0.19041.0\um\GdiplusFlat.h(2323,25): error C2146: 语法错误: 缺少“)”(在标识符“referenceHdc”的前面)
C:\Program Files (x86)\Windows Kits\10\Include\10.0.19041.0\um\GdiplusFlat.h(2333,13): warning C4229: 使用了记时错误: 忽略数据上的修饰符
C:\Program Files (x86)\Windows Kits\10\Include\10.0.19041.0\um\GdiplusFlat.h(2333,5): error C2065: “IStream”: 未声明的标识符
C:\Program Files (x86)\Windows Kits\10\Include\10.0.19041.0\um\GdiplusFlat.h(2333,25): error C2065: “stream”: 未声明的标识符
C:\Program Files (x86)\Windows Kits\10\Include\10.0.19041.0\um\GdiplusFlat.h(2334,5): error C2275: “HDC”: 将此类型用作表达式非法
C:\Program Files (x86)\Windows Kits\10\Include\10.0.19041.0\shared\windef.h(80): message : 参见“HDC”的声明
C:\Program Files (x86)\Windows Kits\10\Include\10.0.19041.0\um\GdiplusFlat.h(2334,25): error C2146: 语法错误: 缺少“)”(在标识符“referenceHdc”的前面)
C:\Program Files (x86)\Windows Kits\10\Include\10.0.19041.0\um\GdiplusPath.h(145,35): error C2061: 语法错误: 标识符“byte”
C:\Program Files (x86)\Windows Kits\10\Include\10.0.19041.0\um\GdiplusMetafile.h(80,11): error C7550: “Gdiplus::Metafile::{ctor}”: 此上下文中的限定名称对构造函数命名，而不是对类型命名
C:\Program Files (x86)\Windows Kits\10\Include\10.0.19041.0\um\GdiplusMetafile.h(80,23): error C2065: “IStream”: 未声明的标识符
C:\Program Files (x86)\Windows Kits\10\Include\10.0.19041.0\um\GdiplusMetafile.h(80,32): error C2065: “stream”: 未声明的标识符
C:\Program Files (x86)\Windows Kits\10\Include\10.0.19041.0\um\GdiplusMetafile.h(81,1): error C2143: 语法错误: 缺少“;”(在“{”的前面)
C:\Program Files (x86)\Windows Kits\10\Include\10.0.19041.0\um\GdiplusMetafile.h(81,1): error C2447: “{”: 缺少函数标题(是否是老式的形式表?)
C:\Program Files (x86)\Windows Kits\10\Include\10.0.19041.0\um\GdiplusMetafile.h(198,11): error C7550: “Gdiplus::Metafile::{ctor}”: 此上下文中的限定名称对构造函数命名，而不是对类型命名
C:\Program Files (x86)\Windows Kits\10\Include\10.0.19041.0\um\GdiplusMetafile.h(199,8): error C2065: “IStream”: 未声明的标识符
C:\Program Files (x86)\Windows Kits\10\Include\10.0.19041.0\um\GdiplusMetafile.h(199,28): error C2065: “stream”: 未声明的标识符
C:\Program Files (x86)\Windows Kits\10\Include\10.0.19041.0\um\GdiplusMetafile.h(200,8): error C2275: “HDC”: 将此类型用作表达式非法
C:\Program Files (x86)\Windows Kits\10\Include\10.0.19041.0\shared\windef.h(80): message : 参见“HDC”的声明
C:\Program Files (x86)\Windows Kits\10\Include\10.0.19041.0\um\GdiplusMetafile.h(200,28): error C2146: 语法错误: 缺少“)”(在标识符“referenceHdc”的前面)
C:\Program Files (x86)\Windows Kits\10\Include\10.0.19041.0\um\GdiplusMetafile.h(204,1): error C2143: 语法错误: 缺少“;”(在“{”的前面)
C:\Program Files (x86)\Windows Kits\10\Include\10.0.19041.0\um\GdiplusMetafile.h(204,1): error C2447: “{”: 缺少函数标题(是否是老式的形式表?)
C:\Program Files (x86)\Windows Kits\10\Include\10.0.19041.0\um\GdiplusMetafile.h(215,11): error C7550: “Gdiplus::Metafile::{ctor}”: 此上下文中的限定名称对构造函数命名，而不是对类型命名
C:\Program Files (x86)\Windows Kits\10\Include\10.0.19041.0\um\GdiplusMetafile.h(216,8): error C2065: “IStream”: 未声明的标识符
C:\Program Files (x86)\Windows Kits\10\Include\10.0.19041.0\um\GdiplusMetafile.h(216,28): error C2065: “stream”: 未声明的标识符
C:\Program Files (x86)\Windows Kits\10\Include\10.0.19041.0\um\GdiplusMetafile.h(217,8): error C2275: “HDC”: 将此类型用作表达式非法
C:\Program Files (x86)\Windows Kits\10\Include\10.0.19041.0\shared\windef.h(80): message : 参见“HDC”的声明
C:\Program Files (x86)\Windows Kits\10\Include\10.0.19041.0\um\GdiplusMetafile.h(217,28): error C2146: 语法错误: 缺少“)”(在标识符“referenceHdc”的前面)
C:\Program Files (x86)\Windows Kits\10\Include\10.0.19041.0\um\GdiplusMetafile.h(223,1): error C2143: 语法错误: 缺少“;”(在“{”的前面)
C:\Program Files (x86)\Windows Kits\10\Include\10.0.19041.0\um\GdiplusMetafile.h(223,1): error C2447: “{”: 缺少函数标题(是否是老式的形式表?)
C:\Program Files (x86)\Windows Kits\10\Include\10.0.19041.0\um\GdiplusMetafile.h(234,11): error C7550: “Gdiplus::Metafile::{ctor}”: 此上下文中的限定名称对构造函数命名，而不是对类型命名
C:\Program Files (x86)\Windows Kits\10\Include\10.0.19041.0\um\GdiplusMetafile.h(235,8): error C2065: “IStream”: 未声明的标识符
C:\Program Files (x86)\Windows Kits\10\Include\10.0.19041.0\um\GdiplusMetafile.h(235,28): error C2065: “stream”: 未声明的标识符
C:\Program Files (x86)\Windows Kits\10\Include\10.0.19041.0\um\GdiplusMetafile.h(236,8): error C2275: “HDC”: 将此类型用作表达式非法
C:\Program Files (x86)\Windows Kits\10\Include\10.0.19041.0\shared\windef.h(80): message : 参见“HDC”的声明
C:\Program Files (x86)\Windows Kits\10\Include\10.0.19041.0\um\GdiplusMetafile.h(236,28): error C2146: 语法错误: 缺少“)”(在标识符“referenceHdc”的前面)
C:\Program Files (x86)\Windows Kits\10\Include\10.0.19041.0\um\GdiplusMetafile.h(242,1): error C2143: 语法错误: 缺少“;”(在“{”的前面)
C:\Program Files (x86)\Windows Kits\10\Include\10.0.19041.0\um\GdiplusMetafile.h(242,1): error C2447: “{”: 缺少函数标题(是否是老式的形式表?)
C:\Program Files (x86)\Windows Kits\10\Include\10.0.19041.0\um\GdiplusMetafile.h(284,16): error C2761: “GetMetafileHeader”: 不允许重新声明成员
C:\Program Files (x86)\Windows Kits\10\Include\10.0.19041.0\um\GdiplusMetafile.h(284,8): error C2065: “IStream”: 未声明的标识符
C:\Program Files (x86)\Windows Kits\10\Include\10.0.19041.0\um\GdiplusMetafile.h(284,28): error C2065: “stream”: 未声明的标识符
C:\Program Files (x86)\Windows Kits\10\Include\10.0.19041.0\um\GdiplusMetafile.h(285,28): error C2065: “header”: 未声明的标识符
C:\Program Files (x86)\Windows Kits\10\Include\10.0.19041.0\um\GdiplusMetafile.h(285,9): error C2275: “Gdiplus::MetafileHeader”: 将此类型用作表达式非法
C:\Program Files (x86)\Windows Kits\10\Include\10.0.19041.0\um\GdiplusMetaHeader.h(116): message : 参见“Gdiplus::MetafileHeader”的声明
C:\Program Files (x86)\Windows Kits\10\Include\10.0.19041.0\um\GdiplusMetafile.h(287,1): error C2143: 语法错误: 缺少“;”(在“{”的前面)
C:\Program Files (x86)\Windows Kits\10\Include\10.0.19041.0\um\GdiplusMetafile.h(287,1): error C2447: “{”: 缺少函数标题(是否是老式的形式表?)
C:\Program Files (x86)\Windows Kits\10\Include\10.0.19041.0\um\GdiplusBitmap.h(49,8): error C7550: “Gdiplus::Image::{ctor}”: 此上下文中的限定名称对构造函数命名，而不是对类型命名
C:\Program Files (x86)\Windows Kits\10\Include\10.0.19041.0\um\GdiplusBitmap.h(50,8): error C2065: “IStream”: 未声明的标识符
C:\Program Files (x86)\Windows Kits\10\Include\10.0.19041.0\um\GdiplusBitmap.h(50,17): error C2065: “stream”: 未声明的标识符
C:\Program Files (x86)\Windows Kits\10\Include\10.0.19041.0\um\GdiplusBitmap.h(51,8): error C2275: “BOOL”: 将此类型用作表达式非法
C:\Program Files (x86)\Windows Kits\10\Include\10.0.19041.0\shared\minwindef.h(157): message : 参见“BOOL”的声明
C:\Program Files (x86)\Windows Kits\10\Include\10.0.19041.0\um\GdiplusBitmap.h(52,5): fatal error C1003: 错误计数超过 100；正在停止编译
